<?xml version="1.0" encoding="UTF-8"?>
<!-- Generated by org.testng.reporters.JUnitReportReporter -->
<testsuite hostname="MBK-TECH-81.local" name="Outfittery.web.helpers.HomeHelper" tests="1" failures="0" timestamp="5 Dec 2015 14:03:15 GMT" time="32.316" errors="0">
  <testcase name="homelinks" time="32.316" classname="Outfittery.web.helpers.HomeHelper"/>
</testsuite> <!-- Outfittery.web.helpers.HomeHelper -->
