<?xml version="1.0" encoding="UTF-8"?>
<!-- Generated by org.testng.reporters.JUnitReportReporter -->
<testsuite hostname="MBK-TECH-81.local" name="Outfittery.web.helpers.HomeHelper" tests="1" failures="0" timestamp="6 Dec 2015 11:05:12 GMT" time="44.107" errors="0">
  <testcase name="profile" time="44.107" classname="Outfittery.web.helpers.HomeHelper"/>
</testsuite> <!-- Outfittery.web.helpers.HomeHelper -->
